# Logfile created on 2014-01-13 11:29:45 -0800 by logger.rb/41954
I, [2014-01-13T11:29:45.416483 #16857]  INFO -- : 0:  rake (10.1.1) from /home/manish/.rvm/gems/ruby-2.0.0-p353@railstutorial_rails_4_0/specifications/rake-10.1.1.gemspec
I, [2014-01-13T11:29:45.416863 #16857]  INFO -- : 0:  i18n (0.6.9) from /home/manish/.rvm/gems/ruby-2.0.0-p353@railstutorial_rails_4_0/specifications/i18n-0.6.9.gemspec
I, [2014-01-13T11:29:45.417148 #16857]  INFO -- : 0:  minitest (4.7.5) from /home/manish/.rvm/gems/ruby-2.0.0-p353@railstutorial_rails_4_0/specifications/minitest-4.7.5.gemspec
I, [2014-01-13T11:29:46.132588 #16857]  INFO -- : 0:  multi_json (1.8.4) from /home/manish/.rvm/gems/ruby-2.0.0-p353@railstutorial_rails_4_0/specifications/multi_json-1.8.4.gemspec
I, [2014-01-13T11:29:46.133882 #16857]  INFO -- : 0:  atomic (1.1.14) from /home/manish/.rvm/gems/ruby-2.0.0-p353@railstutorial_rails_4_0/specifications/atomic-1.1.14.gemspec
I, [2014-01-13T11:29:46.134704 #16857]  INFO -- : 0:  thread_safe (0.1.3) from /home/manish/.rvm/gems/ruby-2.0.0-p353@railstutorial_rails_4_0/specifications/thread_safe-0.1.3.gemspec
I, [2014-01-13T11:29:46.135541 #16857]  INFO -- : 0:  tzinfo (0.3.38) from /home/manish/.rvm/gems/ruby-2.0.0-p353@railstutorial_rails_4_0/specifications/tzinfo-0.3.38.gemspec
I, [2014-01-13T11:29:46.136437 #16857]  INFO -- : 0:  activesupport (4.0.2) from /home/manish/.rvm/gems/ruby-2.0.0-p353@railstutorial_rails_4_0/specifications/activesupport-4.0.2.gemspec
I, [2014-01-13T11:29:46.137591 #16857]  INFO -- : 0:  builder (3.1.4) from /home/manish/.rvm/gems/ruby-2.0.0-p353@railstutorial_rails_4_0/specifications/builder-3.1.4.gemspec
I, [2014-01-13T11:29:46.138503 #16857]  INFO -- : 0:  erubis (2.7.0) from /home/manish/.rvm/gems/ruby-2.0.0-p353@railstutorial_rails_4_0/specifications/erubis-2.7.0.gemspec
I, [2014-01-13T11:29:46.139326 #16857]  INFO -- : 0:  rack (1.5.2) from /home/manish/.rvm/gems/ruby-2.0.0-p353@railstutorial_rails_4_0/specifications/rack-1.5.2.gemspec
I, [2014-01-13T11:29:46.140141 #16857]  INFO -- : 0:  rack-test (0.6.2) from /home/manish/.rvm/gems/ruby-2.0.0-p353@railstutorial_rails_4_0/specifications/rack-test-0.6.2.gemspec
I, [2014-01-13T11:29:46.140947 #16857]  INFO -- : 0:  actionpack (4.0.2) from /home/manish/.rvm/gems/ruby-2.0.0-p353@railstutorial_rails_4_0/specifications/actionpack-4.0.2.gemspec
I, [2014-01-13T11:29:46.142009 #16857]  INFO -- : 0:  mime-types (1.25.1) from /home/manish/.rvm/gems/ruby-2.0.0-p353@railstutorial_rails_4_0/specifications/mime-types-1.25.1.gemspec
I, [2014-01-13T11:29:46.142825 #16857]  INFO -- : 0:  polyglot (0.3.3) from /home/manish/.rvm/gems/ruby-2.0.0-p353@railstutorial_rails_4_0/specifications/polyglot-0.3.3.gemspec
I, [2014-01-13T11:29:46.143629 #16857]  INFO -- : 0:  treetop (1.4.15) from /home/manish/.rvm/gems/ruby-2.0.0-p353@railstutorial_rails_4_0/specifications/treetop-1.4.15.gemspec
I, [2014-01-13T11:29:46.144430 #16857]  INFO -- : 0:  mail (2.5.4) from /home/manish/.rvm/gems/ruby-2.0.0-p353@railstutorial_rails_4_0/specifications/mail-2.5.4.gemspec
I, [2014-01-13T11:29:46.145254 #16857]  INFO -- : 0:  actionmailer (4.0.2) from /home/manish/.rvm/gems/ruby-2.0.0-p353@railstutorial_rails_4_0/specifications/actionmailer-4.0.2.gemspec
I, [2014-01-13T11:29:46.146058 #16857]  INFO -- : 0:  activemodel (4.0.2) from /home/manish/.rvm/gems/ruby-2.0.0-p353@railstutorial_rails_4_0/specifications/activemodel-4.0.2.gemspec
I, [2014-01-13T11:29:46.146881 #16857]  INFO -- : 0:  activerecord-deprecated_finders (1.0.3) from /home/manish/.rvm/gems/ruby-2.0.0-p353@railstutorial_rails_4_0/specifications/activerecord-deprecated_finders-1.0.3.gemspec
I, [2014-01-13T11:29:46.147682 #16857]  INFO -- : 0:  arel (4.0.1) from /home/manish/.rvm/gems/ruby-2.0.0-p353@railstutorial_rails_4_0/specifications/arel-4.0.1.gemspec
I, [2014-01-13T11:29:46.148492 #16857]  INFO -- : 0:  activerecord (4.0.2) from /home/manish/.rvm/gems/ruby-2.0.0-p353@railstutorial_rails_4_0/specifications/activerecord-4.0.2.gemspec
I, [2014-01-13T11:29:46.149292 #16857]  INFO -- : 0:  bundler (1.5.1) from /home/manish/.rvm/gems/ruby-2.0.0-p353@global/specifications/bundler-1.5.1.gemspec
I, [2014-01-13T11:29:46.149538 #16857]  INFO -- : 0:  coffee-script-source (1.6.3) from /home/manish/.rvm/gems/ruby-2.0.0-p353@railstutorial_rails_4_0/specifications/coffee-script-source-1.6.3.gemspec
I, [2014-01-13T11:29:46.149767 #16857]  INFO -- : 0:  execjs (2.0.2) from /home/manish/.rvm/gems/ruby-2.0.0-p353@railstutorial_rails_4_0/specifications/execjs-2.0.2.gemspec
I, [2014-01-13T11:29:46.150009 #16857]  INFO -- : 0:  coffee-script (2.2.0) from /home/manish/.rvm/gems/ruby-2.0.0-p353@railstutorial_rails_4_0/specifications/coffee-script-2.2.0.gemspec
I, [2014-01-13T11:29:46.150232 #16857]  INFO -- : 0:  thor (0.18.1) from /home/manish/.rvm/gems/ruby-2.0.0-p353@railstutorial_rails_4_0/specifications/thor-0.18.1.gemspec
I, [2014-01-13T11:29:46.150457 #16857]  INFO -- : 0:  railties (4.0.2) from /home/manish/.rvm/gems/ruby-2.0.0-p353@railstutorial_rails_4_0/specifications/railties-4.0.2.gemspec
I, [2014-01-13T11:29:46.150704 #16857]  INFO -- : 0:  coffee-rails (4.0.1) from /home/manish/.rvm/gems/ruby-2.0.0-p353@railstutorial_rails_4_0/specifications/coffee-rails-4.0.1.gemspec
I, [2014-01-13T11:29:46.150929 #16857]  INFO -- : 0:  hike (1.2.3) from /home/manish/.rvm/gems/ruby-2.0.0-p353@railstutorial_rails_4_0/specifications/hike-1.2.3.gemspec
I, [2014-01-13T11:29:46.151162 #16857]  INFO -- : 0:  jbuilder (1.5.3) from /home/manish/.rvm/gems/ruby-2.0.0-p353@railstutorial_rails_4_0/specifications/jbuilder-1.5.3.gemspec
I, [2014-01-13T11:29:46.151383 #16857]  INFO -- : 0:  jquery-rails (3.0.4) from /home/manish/.rvm/gems/ruby-2.0.0-p353@railstutorial_rails_4_0/specifications/jquery-rails-3.0.4.gemspec
I, [2014-01-13T11:29:46.151612 #16857]  INFO -- : 0:  json (1.8.1) from /home/manish/.rvm/gems/ruby-2.0.0-p353@railstutorial_rails_4_0/specifications/json-1.8.1.gemspec
I, [2014-01-13T11:29:46.151836 #16857]  INFO -- : 0:  tilt (1.4.1) from /home/manish/.rvm/gems/ruby-2.0.0-p353@railstutorial_rails_4_0/specifications/tilt-1.4.1.gemspec
I, [2014-01-13T11:29:46.152057 #16857]  INFO -- : 0:  sprockets (2.10.1) from /home/manish/.rvm/gems/ruby-2.0.0-p353@railstutorial_rails_4_0/specifications/sprockets-2.10.1.gemspec
I, [2014-01-13T11:29:46.152278 #16857]  INFO -- : 0:  sprockets-rails (2.0.1) from /home/manish/.rvm/gems/ruby-2.0.0-p353@railstutorial_rails_4_0/specifications/sprockets-rails-2.0.1.gemspec
I, [2014-01-13T11:29:46.152497 #16857]  INFO -- : 0:  rails (4.0.2) from /home/manish/.rvm/gems/ruby-2.0.0-p353@railstutorial_rails_4_0/specifications/rails-4.0.2.gemspec
I, [2014-01-13T11:29:47.735800 #16857]  INFO -- : 0:  rdoc (4.1.1) from /home/manish/.rvm/gems/ruby-2.0.0-p353@railstutorial_rails_4_0/specifications/rdoc-4.1.1.gemspec
I, [2014-01-13T11:29:47.737078 #16857]  INFO -- : 0:  sass (3.2.13) from /home/manish/.rvm/gems/ruby-2.0.0-p353@railstutorial_rails_4_0/specifications/sass-3.2.13.gemspec
I, [2014-01-13T11:29:47.738044 #16857]  INFO -- : 0:  sass-rails (4.0.1) from /home/manish/.rvm/gems/ruby-2.0.0-p353@railstutorial_rails_4_0/specifications/sass-rails-4.0.1.gemspec
I, [2014-01-13T11:29:48.825054 #16857]  INFO -- : 0:  sdoc (0.4.0) from /home/manish/.rvm/gems/ruby-2.0.0-p353@railstutorial_rails_4_0/specifications/sdoc-0.4.0.gemspec
I, [2014-01-13T11:29:48.826238 #16857]  INFO -- : 0:  sqlite3 (1.3.8) from /home/manish/.rvm/gems/ruby-2.0.0-p353@railstutorial_rails_4_0/specifications/sqlite3-1.3.8.gemspec
I, [2014-01-13T11:29:49.771888 #16857]  INFO -- : 0:  turbolinks (2.2.0) from /home/manish/.rvm/gems/ruby-2.0.0-p353@railstutorial_rails_4_0/specifications/turbolinks-2.2.0.gemspec
I, [2014-01-13T11:29:49.773005 #16857]  INFO -- : 0:  uglifier (2.4.0) from /home/manish/.rvm/gems/ruby-2.0.0-p353@railstutorial_rails_4_0/specifications/uglifier-2.4.0.gemspec
I, [2014-01-13T11:39:44.727520 #17126]  INFO -- : 0:  rake (10.1.1) from /home/manish/.rvm/gems/ruby-2.0.0-p353@railstutorial_rails_4_0/specifications/rake-10.1.1.gemspec
I, [2014-01-13T11:39:44.727964 #17126]  INFO -- : 0:  i18n (0.6.9) from /home/manish/.rvm/gems/ruby-2.0.0-p353@railstutorial_rails_4_0/specifications/i18n-0.6.9.gemspec
I, [2014-01-13T11:39:44.728260 #17126]  INFO -- : 0:  minitest (4.7.5) from /home/manish/.rvm/gems/ruby-2.0.0-p353@railstutorial_rails_4_0/specifications/minitest-4.7.5.gemspec
I, [2014-01-13T11:39:44.728520 #17126]  INFO -- : 0:  multi_json (1.8.4) from /home/manish/.rvm/gems/ruby-2.0.0-p353@railstutorial_rails_4_0/specifications/multi_json-1.8.4.gemspec
I, [2014-01-13T11:39:44.728794 #17126]  INFO -- : 0:  atomic (1.1.14) from /home/manish/.rvm/gems/ruby-2.0.0-p353@railstutorial_rails_4_0/specifications/atomic-1.1.14.gemspec
I, [2014-01-13T11:39:44.729053 #17126]  INFO -- : 0:  thread_safe (0.1.3) from /home/manish/.rvm/gems/ruby-2.0.0-p353@railstutorial_rails_4_0/specifications/thread_safe-0.1.3.gemspec
I, [2014-01-13T11:39:44.729312 #17126]  INFO -- : 0:  tzinfo (0.3.38) from /home/manish/.rvm/gems/ruby-2.0.0-p353@railstutorial_rails_4_0/specifications/tzinfo-0.3.38.gemspec
I, [2014-01-13T11:39:44.729552 #17126]  INFO -- : 0:  activesupport (4.0.2) from /home/manish/.rvm/gems/ruby-2.0.0-p353@railstutorial_rails_4_0/specifications/activesupport-4.0.2.gemspec
I, [2014-01-13T11:39:44.729791 #17126]  INFO -- : 0:  builder (3.1.4) from /home/manish/.rvm/gems/ruby-2.0.0-p353@railstutorial_rails_4_0/specifications/builder-3.1.4.gemspec
I, [2014-01-13T11:39:44.730033 #17126]  INFO -- : 0:  erubis (2.7.0) from /home/manish/.rvm/gems/ruby-2.0.0-p353@railstutorial_rails_4_0/specifications/erubis-2.7.0.gemspec
I, [2014-01-13T11:39:44.730286 #17126]  INFO -- : 0:  rack (1.5.2) from /home/manish/.rvm/gems/ruby-2.0.0-p353@railstutorial_rails_4_0/specifications/rack-1.5.2.gemspec
I, [2014-01-13T11:39:44.730662 #17126]  INFO -- : 0:  rack-test (0.6.2) from /home/manish/.rvm/gems/ruby-2.0.0-p353@railstutorial_rails_4_0/specifications/rack-test-0.6.2.gemspec
I, [2014-01-13T11:39:44.730911 #17126]  INFO -- : 0:  actionpack (4.0.2) from /home/manish/.rvm/gems/ruby-2.0.0-p353@railstutorial_rails_4_0/specifications/actionpack-4.0.2.gemspec
I, [2014-01-13T11:39:44.731163 #17126]  INFO -- : 0:  mime-types (1.25.1) from /home/manish/.rvm/gems/ruby-2.0.0-p353@railstutorial_rails_4_0/specifications/mime-types-1.25.1.gemspec
I, [2014-01-13T11:39:44.731402 #17126]  INFO -- : 0:  polyglot (0.3.3) from /home/manish/.rvm/gems/ruby-2.0.0-p353@railstutorial_rails_4_0/specifications/polyglot-0.3.3.gemspec
I, [2014-01-13T11:39:44.731643 #17126]  INFO -- : 0:  treetop (1.4.15) from /home/manish/.rvm/gems/ruby-2.0.0-p353@railstutorial_rails_4_0/specifications/treetop-1.4.15.gemspec
I, [2014-01-13T11:39:44.731893 #17126]  INFO -- : 0:  mail (2.5.4) from /home/manish/.rvm/gems/ruby-2.0.0-p353@railstutorial_rails_4_0/specifications/mail-2.5.4.gemspec
I, [2014-01-13T11:39:44.732137 #17126]  INFO -- : 0:  actionmailer (4.0.2) from /home/manish/.rvm/gems/ruby-2.0.0-p353@railstutorial_rails_4_0/specifications/actionmailer-4.0.2.gemspec
I, [2014-01-13T11:39:44.732378 #17126]  INFO -- : 0:  activemodel (4.0.2) from /home/manish/.rvm/gems/ruby-2.0.0-p353@railstutorial_rails_4_0/specifications/activemodel-4.0.2.gemspec
I, [2014-01-13T11:39:44.732622 #17126]  INFO -- : 0:  activerecord-deprecated_finders (1.0.3) from /home/manish/.rvm/gems/ruby-2.0.0-p353@railstutorial_rails_4_0/specifications/activerecord-deprecated_finders-1.0.3.gemspec
I, [2014-01-13T11:39:44.732871 #17126]  INFO -- : 0:  arel (4.0.1) from /home/manish/.rvm/gems/ruby-2.0.0-p353@railstutorial_rails_4_0/specifications/arel-4.0.1.gemspec
I, [2014-01-13T11:39:44.733135 #17126]  INFO -- : 0:  activerecord (4.0.2) from /home/manish/.rvm/gems/ruby-2.0.0-p353@railstutorial_rails_4_0/specifications/activerecord-4.0.2.gemspec
I, [2014-01-13T11:39:44.733401 #17126]  INFO -- : 0:  bcrypt-ruby (3.1.2) from /home/manish/.rvm/gems/ruby-2.0.0-p353@railstutorial_rails_4_0/specifications/bcrypt-ruby-3.1.2.gemspec
I, [2014-01-13T11:39:44.734236 #17126]  INFO -- : 0:  sass (3.2.13) from /home/manish/.rvm/gems/ruby-2.0.0-p353@railstutorial_rails_4_0/specifications/sass-3.2.13.gemspec
I, [2014-01-13T11:39:44.734977 #17126]  INFO -- : 0:  bootstrap-sass (2.3.2.0) from /home/manish/.rvm/gems/ruby-2.0.0-p353@railstutorial_rails_4_0/specifications/bootstrap-sass-2.3.2.0.gemspec
I, [2014-01-13T11:39:44.735834 #17126]  INFO -- : 0:  bundler (1.5.1) from /home/manish/.rvm/gems/ruby-2.0.0-p353@global/specifications/bundler-1.5.1.gemspec
I, [2014-01-13T11:39:44.771665 #17126]  INFO -- : 0:  mini_portile (0.5.2) from /home/manish/.rvm/gems/ruby-2.0.0-p353@railstutorial_rails_4_0/specifications/mini_portile-0.5.2.gemspec
I, [2014-01-13T11:39:44.772533 #17126]  INFO -- : 0:  nokogiri (1.6.1) from /home/manish/.rvm/gems/ruby-2.0.0-p353@railstutorial_rails_4_0/specifications/nokogiri-1.6.1.gemspec
I, [2014-01-13T11:39:44.773262 #17126]  INFO -- : 0:  xpath (2.0.0) from /home/manish/.rvm/gems/ruby-2.0.0-p353@railstutorial_rails_4_0/specifications/xpath-2.0.0.gemspec
I, [2014-01-13T11:39:44.773550 #17126]  INFO -- : 0:  capybara (2.1.0) from /home/manish/.rvm/gems/ruby-2.0.0-p353@railstutorial_rails_4_0/specifications/capybara-2.1.0.gemspec
I, [2014-01-13T11:39:44.773823 #17126]  INFO -- : 0:  timers (1.1.0) from /home/manish/.rvm/gems/ruby-2.0.0-p353@railstutorial_rails_4_0/specifications/timers-1.1.0.gemspec
I, [2014-01-13T11:39:44.774099 #17126]  INFO -- : 0:  celluloid (0.15.2) from /home/manish/.rvm/gems/ruby-2.0.0-p353@railstutorial_rails_4_0/specifications/celluloid-0.15.2.gemspec
I, [2014-01-13T11:39:44.774359 #17126]  INFO -- : 0:  ffi (1.9.3) from /home/manish/.rvm/gems/ruby-2.0.0-p353@railstutorial_rails_4_0/specifications/ffi-1.9.3.gemspec
I, [2014-01-13T11:39:44.774603 #17126]  INFO -- : 0:  childprocess (0.3.9) from /home/manish/.rvm/gems/ruby-2.0.0-p353@railstutorial_rails_4_0/specifications/childprocess-0.3.9.gemspec
I, [2014-01-13T11:39:44.774848 #17126]  INFO -- : 0:  coderay (1.1.0) from /home/manish/.rvm/gems/ruby-2.0.0-p353@railstutorial_rails_4_0/specifications/coderay-1.1.0.gemspec
I, [2014-01-13T11:39:44.775096 #17126]  INFO -- : 0:  coffee-script-source (1.6.3) from /home/manish/.rvm/gems/ruby-2.0.0-p353@railstutorial_rails_4_0/specifications/coffee-script-source-1.6.3.gemspec
I, [2014-01-13T11:39:44.775339 #17126]  INFO -- : 0:  execjs (2.0.2) from /home/manish/.rvm/gems/ruby-2.0.0-p353@railstutorial_rails_4_0/specifications/execjs-2.0.2.gemspec
I, [2014-01-13T11:39:44.775582 #17126]  INFO -- : 0:  coffee-script (2.2.0) from /home/manish/.rvm/gems/ruby-2.0.0-p353@railstutorial_rails_4_0/specifications/coffee-script-2.2.0.gemspec
I, [2014-01-13T11:39:44.775868 #17126]  INFO -- : 0:  thor (0.18.1) from /home/manish/.rvm/gems/ruby-2.0.0-p353@railstutorial_rails_4_0/specifications/thor-0.18.1.gemspec
I, [2014-01-13T11:39:44.776167 #17126]  INFO -- : 0:  railties (4.0.2) from /home/manish/.rvm/gems/ruby-2.0.0-p353@railstutorial_rails_4_0/specifications/railties-4.0.2.gemspec
I, [2014-01-13T11:39:44.776407 #17126]  INFO -- : 0:  coffee-rails (4.0.1) from /home/manish/.rvm/gems/ruby-2.0.0-p353@railstutorial_rails_4_0/specifications/coffee-rails-4.0.1.gemspec
I, [2014-01-13T11:39:44.776646 #17126]  INFO -- : 0:  diff-lcs (1.2.5) from /home/manish/.rvm/gems/ruby-2.0.0-p353@railstutorial_rails_4_0/specifications/diff-lcs-1.2.5.gemspec
I, [2014-01-13T11:39:44.776889 #17126]  INFO -- : 0:  factory_girl (4.2.0) from /home/manish/.rvm/gems/ruby-2.0.0-p353@railstutorial_rails_4_0/specifications/factory_girl-4.2.0.gemspec
I, [2014-01-13T11:39:44.777138 #17126]  INFO -- : 0:  factory_girl_rails (4.2.1) from /home/manish/.rvm/gems/ruby-2.0.0-p353@railstutorial_rails_4_0/specifications/factory_girl_rails-4.2.1.gemspec
I, [2014-01-13T11:39:44.777383 #17126]  INFO -- : 0:  formatador (0.2.4) from /home/manish/.rvm/gems/ruby-2.0.0-p353@railstutorial_rails_4_0/specifications/formatador-0.2.4.gemspec
I, [2014-01-13T11:39:46.856377 #17126]  INFO -- : 0:  geokit (1.8.4) from /home/manish/.rvm/gems/ruby-2.0.0-p353@railstutorial_rails_4_0/specifications/geokit-1.8.4.gemspec
I, [2014-01-13T11:39:46.857753 #17126]  INFO -- : 0:  hike (1.2.3) from /home/manish/.rvm/gems/ruby-2.0.0-p353@railstutorial_rails_4_0/specifications/hike-1.2.3.gemspec
I, [2014-01-13T11:39:46.858582 #17126]  INFO -- : 0:  tilt (1.4.1) from /home/manish/.rvm/gems/ruby-2.0.0-p353@railstutorial_rails_4_0/specifications/tilt-1.4.1.gemspec
I, [2014-01-13T11:39:46.859415 #17126]  INFO -- : 0:  sprockets (2.10.1) from /home/manish/.rvm/gems/ruby-2.0.0-p353@railstutorial_rails_4_0/specifications/sprockets-2.10.1.gemspec
I, [2014-01-13T11:39:46.860350 #17126]  INFO -- : 0:  sprockets-rails (2.0.1) from /home/manish/.rvm/gems/ruby-2.0.0-p353@railstutorial_rails_4_0/specifications/sprockets-rails-2.0.1.gemspec
I, [2014-01-13T11:39:46.861236 #17126]  INFO -- : 0:  rails (4.0.2) from /home/manish/.rvm/gems/ruby-2.0.0-p353@railstutorial_rails_4_0/specifications/rails-4.0.2.gemspec
I, [2014-01-13T11:39:48.312977 #17126]  INFO -- : 0:  geokit-rails (2.0.1) from /home/manish/.rvm/gems/ruby-2.0.0-p353@railstutorial_rails_4_0/specifications/geokit-rails-2.0.1.gemspec
I, [2014-01-13T11:39:48.314166 #17126]  INFO -- : 0:  rb-fsevent (0.9.4) from /home/manish/.rvm/gems/ruby-2.0.0-p353@railstutorial_rails_4_0/specifications/rb-fsevent-0.9.4.gemspec
I, [2014-01-13T11:39:48.314982 #17126]  INFO -- : 0:  rb-inotify (0.9.3) from /home/manish/.rvm/gems/ruby-2.0.0-p353@railstutorial_rails_4_0/specifications/rb-inotify-0.9.3.gemspec
I, [2014-01-13T11:39:48.315844 #17126]  INFO -- : 0:  listen (2.4.0) from /home/manish/.rvm/gems/ruby-2.0.0-p353@railstutorial_rails_4_0/specifications/listen-2.4.0.gemspec
I, [2014-01-13T11:39:48.316500 #17126]  INFO -- : 0:  lumberjack (1.0.4) from /home/manish/.rvm/gems/ruby-2.0.0-p353@railstutorial_rails_4_0/specifications/lumberjack-1.0.4.gemspec
I, [2014-01-13T11:39:48.317323 #17126]  INFO -- : 0:  method_source (0.8.2) from /home/manish/.rvm/gems/ruby-2.0.0-p353@railstutorial_rails_4_0/specifications/method_source-0.8.2.gemspec
I, [2014-01-13T11:39:48.318126 #17126]  INFO -- : 0:  slop (3.4.7) from /home/manish/.rvm/gems/ruby-2.0.0-p353@railstutorial_rails_4_0/specifications/slop-3.4.7.gemspec
I, [2014-01-13T11:39:48.318959 #17126]  INFO -- : 0:  pry (0.9.12.4) from /home/manish/.rvm/gems/ruby-2.0.0-p353@railstutorial_rails_4_0/specifications/pry-0.9.12.4.gemspec
I, [2014-01-13T11:39:48.319786 #17126]  INFO -- : 0:  guard (2.2.5) from /home/manish/.rvm/gems/ruby-2.0.0-p353@railstutorial_rails_4_0/specifications/guard-2.2.5.gemspec
I, [2014-01-13T11:39:48.320594 #17126]  INFO -- : 0:  rspec-core (2.13.1) from /home/manish/.rvm/gems/ruby-2.0.0-p353@railstutorial_rails_4_0/specifications/rspec-core-2.13.1.gemspec
I, [2014-01-13T11:39:48.321322 #17126]  INFO -- : 0:  rspec-expectations (2.13.0) from /home/manish/.rvm/gems/ruby-2.0.0-p353@railstutorial_rails_4_0/specifications/rspec-expectations-2.13.0.gemspec
I, [2014-01-13T11:39:48.321574 #17126]  INFO -- : 0:  rspec-mocks (2.13.1) from /home/manish/.rvm/gems/ruby-2.0.0-p353@railstutorial_rails_4_0/specifications/rspec-mocks-2.13.1.gemspec
I, [2014-01-13T11:39:48.321816 #17126]  INFO -- : 0:  rspec (2.13.0) from /home/manish/.rvm/gems/ruby-2.0.0-p353@railstutorial_rails_4_0/specifications/rspec-2.13.0.gemspec
I, [2014-01-13T11:39:48.322056 #17126]  INFO -- : 0:  guard-rspec (2.5.0) from /home/manish/.rvm/gems/ruby-2.0.0-p353@railstutorial_rails_4_0/specifications/guard-rspec-2.5.0.gemspec
I, [2014-01-13T11:39:48.322302 #17126]  INFO -- : 0:  spork (1.0.0rc4) from /home/manish/.rvm/gems/ruby-2.0.0-p353@railstutorial_rails_4_0/specifications/spork-1.0.0rc4.gemspec
I, [2014-01-13T11:39:48.322548 #17126]  INFO -- : 0:  guard-spork (1.5.0) from /home/manish/.rvm/gems/ruby-2.0.0-p353@railstutorial_rails_4_0/specifications/guard-spork-1.5.0.gemspec
I, [2014-01-13T11:39:48.322794 #17126]  INFO -- : 0:  jbuilder (1.0.2) from /home/manish/.rvm/gems/ruby-2.0.0-p353@railstutorial_rails_4_0/specifications/jbuilder-1.0.2.gemspec
I, [2014-01-13T11:39:48.323030 #17126]  INFO -- : 0:  jquery-rails (3.0.4) from /home/manish/.rvm/gems/ruby-2.0.0-p353@railstutorial_rails_4_0/specifications/jquery-rails-3.0.4.gemspec
I, [2014-01-13T11:39:48.323329 #17126]  INFO -- : 0:  json (1.8.1) from /home/manish/.rvm/gems/ruby-2.0.0-p353@railstutorial_rails_4_0/specifications/json-1.8.1.gemspec
I, [2014-01-13T11:39:48.323600 #17126]  INFO -- : 0:  pg (0.15.1) from /home/manish/.rvm/gems/ruby-2.0.0-p353@railstutorial_rails_4_0/specifications/pg-0.15.1.gemspec
I, [2014-01-13T11:39:48.365207 #17126]  INFO -- : 0:  rails3_serve_static_assets (0.0.1) from /home/manish/.rvm/gems/ruby-2.0.0-p353@railstutorial_rails_4_0/bundler/gems/rails3_serve_static_assets-84910ceb4ca2/rails3_serve_static_assets.gemspec
I, [2014-01-13T11:39:48.365585 #17126]  INFO -- : 0:  rails_serve_static_assets (0.0.2) from /home/manish/.rvm/gems/ruby-2.0.0-p353@railstutorial_rails_4_0/specifications/rails_serve_static_assets-0.0.2.gemspec
I, [2014-01-13T11:39:48.365862 #17126]  INFO -- : 0:  rails_stdout_logging (0.0.3) from /home/manish/.rvm/gems/ruby-2.0.0-p353@railstutorial_rails_4_0/specifications/rails_stdout_logging-0.0.3.gemspec
I, [2014-01-13T11:39:48.366123 #17126]  INFO -- : 0:  rails_12factor (0.0.2) from /home/manish/.rvm/gems/ruby-2.0.0-p353@railstutorial_rails_4_0/specifications/rails_12factor-0.0.2.gemspec
I, [2014-01-13T11:39:48.380779 #17126]  INFO -- : 0:  rails_log_stdout (0.0.1) from /home/manish/.rvm/gems/ruby-2.0.0-p353@railstutorial_rails_4_0/bundler/gems/rails_log_stdout-01b5bcc572e3/rails_log_stdout.gemspec
I, [2014-01-13T11:39:48.381217 #17126]  INFO -- : 0:  rdoc (3.12.2) from /home/manish/.rvm/gems/ruby-2.0.0-p353@railstutorial_rails_4_0/specifications/rdoc-3.12.2.gemspec
I, [2014-01-13T11:39:48.381526 #17126]  INFO -- : 0:  rspec-rails (2.13.1) from /home/manish/.rvm/gems/ruby-2.0.0-p353@railstutorial_rails_4_0/specifications/rspec-rails-2.13.1.gemspec
I, [2014-01-13T11:39:48.381813 #17126]  INFO -- : 0:  rubyzip (0.9.9) from /home/manish/.rvm/gems/ruby-2.0.0-p353@railstutorial_rails_4_0/specifications/rubyzip-0.9.9.gemspec
I, [2014-01-13T11:39:48.382073 #17126]  INFO -- : 0:  sass-rails (4.0.1) from /home/manish/.rvm/gems/ruby-2.0.0-p353@railstutorial_rails_4_0/specifications/sass-rails-4.0.1.gemspec
I, [2014-01-13T11:39:48.382364 #17126]  INFO -- : 0:  sdoc (0.3.20) from /home/manish/.rvm/gems/ruby-2.0.0-p353@railstutorial_rails_4_0/specifications/sdoc-0.3.20.gemspec
I, [2014-01-13T11:39:48.382657 #17126]  INFO -- : 0:  websocket (1.0.7) from /home/manish/.rvm/gems/ruby-2.0.0-p353@railstutorial_rails_4_0/specifications/websocket-1.0.7.gemspec
I, [2014-01-13T11:39:48.382907 #17126]  INFO -- : 0:  selenium-webdriver (2.35.1) from /home/manish/.rvm/gems/ruby-2.0.0-p353@railstutorial_rails_4_0/specifications/selenium-webdriver-2.35.1.gemspec
I, [2014-01-13T11:39:48.383147 #17126]  INFO -- : 0:  spork-rails (4.0.0) from /home/manish/.rvm/gems/ruby-2.0.0-p353@railstutorial_rails_4_0/specifications/spork-rails-4.0.0.gemspec
I, [2014-01-13T11:39:48.383389 #17126]  INFO -- : 0:  sqlite3 (1.3.8) from /home/manish/.rvm/gems/ruby-2.0.0-p353@railstutorial_rails_4_0/specifications/sqlite3-1.3.8.gemspec
I, [2014-01-13T11:39:48.383638 #17126]  INFO -- : 0:  turbolinks (1.1.1) from /home/manish/.rvm/gems/ruby-2.0.0-p353@railstutorial_rails_4_0/specifications/turbolinks-1.1.1.gemspec
I, [2014-01-13T11:39:48.383891 #17126]  INFO -- : 0:  uglifier (2.1.1) from /home/manish/.rvm/gems/ruby-2.0.0-p353@railstutorial_rails_4_0/specifications/uglifier-2.1.1.gemspec
